<?xml version="1.0" encoding="UTF-8"?>
<!-- Generated by org.testng.reporters.JUnitReportReporter -->
<testsuite hostname="DESKTOP-QNMN576" failures="0" tests="1" name="seleniumScripts.seleniumScripts.Demo" time="12.424" errors="0" timestamp="2022-08-24T18:58:23 IST" skipped="0">
  <testcase classname="seleniumScripts.seleniumScripts.Demo" name="testStore" time="12.424"/>
  <system-out/>
</testsuite> <!-- seleniumScripts.seleniumScripts.Demo -->
