<?xml version="1.0" encoding="UTF-8"?>
<!-- Generated by org.testng.reporters.JUnitReportReporter -->
<testsuite hostname="DESKTOP-QNMN576" failures="0" tests="1" name="w3school.scripts.W3SchoolPageTest" time="4.389" errors="0" timestamp="2022-08-31T15:09:15 IST" skipped="0">
  <testcase classname="w3school.scripts.W3SchoolPageTest" name="w3schoolDynamicWebTableTest" time="4.389"/>
  <system-out/>
</testsuite> <!-- w3school.scripts.W3SchoolPageTest -->
