<?xml version="1.0" encoding="UTF-8"?>
<!-- Generated by org.testng.reporters.JUnitReportReporter -->
<testsuite hostname="DESKTOP-QNMN576" failures="0" tests="6" name="w3school.scripts.A" time="0.022" errors="0" timestamp="2022-09-01T09:25:00 IST" skipped="0">
  <testcase classname="w3school.scripts.A" name="one" time="0.002"/>
  <system-out/>
  <testcase classname="w3school.scripts.A" name="one" time="0.014"/>
  <system-out/>
  <testcase classname="w3school.scripts.A" name="two" time="0.001"/>
  <system-out/>
  <testcase classname="w3school.scripts.A" name="two" time="0.002"/>
  <system-out/>
  <testcase classname="w3school.scripts.A" name="three" time="0.002"/>
  <system-out/>
  <testcase classname="w3school.scripts.A" name="three" time="0.001"/>
  <system-out/>
</testsuite> <!-- w3school.scripts.A -->
