<?xml version="1.0" encoding="UTF-8"?>
<!-- Generated by org.testng.reporters.JUnitReportReporter -->
<testsuite hostname="DESKTOP-QNMN576" failures="0" tests="2" name="w3school.scripts.DataProviderTest" time="0.014" errors="0" timestamp="2022-09-01T08:50:12 IST" skipped="0">
  <testcase classname="w3school.scripts.DataProviderTest" name="test1" time="0.002"/>
  <system-out/>
  <testcase classname="w3school.scripts.DataProviderTest" name="test1" time="0.012"/>
  <system-out/>
</testsuite> <!-- w3school.scripts.DataProviderTest -->
