<?xml version="1.0" encoding="UTF-8"?>
<!-- Generated by org.testng.reporters.JUnitReportReporter -->
<testsuite hostname="DESKTOP-QNMN576" failures="0" tests="2" name="InterviewDemo.SeleniumDemo" time="17.945" errors="0" timestamp="2022-09-14T16:31:36 IST" skipped="0">
  <testcase classname="InterviewDemo.SeleniumDemo" name="validateAcceptAllCookiesTest" time="9.873"/>
  <system-out/>
  <testcase classname="InterviewDemo.SeleniumDemo" name="flashTest" time="8.072"/>
  <system-out/>
</testsuite> <!-- InterviewDemo.SeleniumDemo -->
